<?xml version="1.0" encoding="UTF-8"?>
<testng-results skipped="0" failed="0" ignored="0" total="0" passed="0">
  <reporter-output>
  </reporter-output>
  <suite name="com.test.AppTest" duration-ms="5" started-at="2018-08-27T18:54:47Z" finished-at="2018-08-27T18:54:47Z">
    <groups>
    </groups>
    <test name="Command line test" duration-ms="5" started-at="2018-08-27T18:54:47Z" finished-at="2018-08-27T18:54:47Z">
    </test> <!-- Command line test -->
  </suite> <!-- com.test.AppTest -->
</testng-results>
