<?xml version="1.0" encoding="UTF-8"?>
<testng-results skipped="0" failed="0" ignored="0" total="2" passed="2">
  <reporter-output>
  </reporter-output>
  <suite name="Default suite" duration-ms="100413" started-at="2019-06-05T04:54:13Z" finished-at="2019-06-05T04:55:53Z">
    <groups>
    </groups>
    <test name="Default test" duration-ms="100413" started-at="2019-06-05T04:54:13Z" finished-at="2019-06-05T04:55:53Z">
      <class name="proji.Dashboard">
        <test-method status="PASS" signature="OpenDashboardTest()[pri:0, instance:proji.Dashboard@548e7350]" name="OpenDashboardTest" is-config="true" duration-ms="47544" started-at="2019-06-05T04:54:13Z" finished-at="2019-06-05T04:55:01Z">
          <reporter-output>
          </reporter-output>
        </test-method> <!-- OpenDashboardTest -->
        <test-method status="PASS" signature="SelectProjectTest()[pri:0, instance:proji.Dashboard@548e7350]" name="SelectProjectTest" duration-ms="5112" started-at="2019-06-05T04:55:01Z" finished-at="2019-06-05T04:55:06Z">
          <reporter-output>
          </reporter-output>
        </test-method> <!-- SelectProjectTest -->
        <test-method status="PASS" signature="CloseBrowserTest()[pri:0, instance:proji.Dashboard@548e7350]" name="CloseBrowserTest" is-config="true" duration-ms="104" started-at="2019-06-05T04:55:06Z" finished-at="2019-06-05T04:55:06Z">
          <reporter-output>
          </reporter-output>
        </test-method> <!-- CloseBrowserTest -->
        <test-method status="PASS" signature="OpenDashboardTest()[pri:0, instance:proji.Dashboard@548e7350]" name="OpenDashboardTest" is-config="true" duration-ms="42485" started-at="2019-06-05T04:55:06Z" finished-at="2019-06-05T04:55:48Z">
          <reporter-output>
          </reporter-output>
        </test-method> <!-- OpenDashboardTest -->
        <test-method status="PASS" signature="VerifyDashTest()[pri:0, instance:proji.Dashboard@548e7350]" name="VerifyDashTest" duration-ms="5066" started-at="2019-06-05T04:55:48Z" finished-at="2019-06-05T04:55:53Z">
          <reporter-output>
          </reporter-output>
        </test-method> <!-- VerifyDashTest -->
        <test-method status="PASS" signature="CloseBrowserTest()[pri:0, instance:proji.Dashboard@548e7350]" name="CloseBrowserTest" is-config="true" duration-ms="71" started-at="2019-06-05T04:55:53Z" finished-at="2019-06-05T04:55:53Z">
          <reporter-output>
          </reporter-output>
        </test-method> <!-- CloseBrowserTest -->
      </class> <!-- proji.Dashboard -->
    </test> <!-- Default test -->
  </suite> <!-- Default suite -->
</testng-results>
